
2024/08/29 (16:27:42) | ===> btop++ v.1.3.2
2024/08/29 (16:27:42) | ERROR: Couldn't determine terminal size of "STDOUT_FILENO"!
2024/08/29 (16:27:42) | ERROR: Couldn't determine terminal size of "/dev/tty"!

2024/09/04 (21:01:23) | ===> btop++ v.1.3.2
2024/09/04 (21:01:23) | ERROR: Exception during Config::unlock() : unordered_map::at

2024/09/07 (10:19:49) | ===> btop++ v.1.3.2
2024/09/07 (10:19:52) | ERROR: Stall in Runner thread, restarting!
2024/09/07 (10:20:17) | ERROR: Stall in Runner thread, restarting!
2024/09/07 (10:21:22) | ERROR: Stall in Runner thread, restarting!
2024/09/07 (10:21:33) | ERROR: Stall in Runner thread, restarting!
2024/09/07 (10:21:47) | ERROR: Stall in Runner thread, restarting!
2024/09/07 (10:25:00) | ERROR: Stall in Runner thread, restarting!
2024/09/07 (10:25:22) | ERROR: Stall in Runner thread, restarting!
2024/09/07 (10:25:32) | ERROR: Stall in Runner thread, restarting!
2024/09/07 (10:26:03) | ERROR: Stall in Runner thread, restarting!
2024/09/07 (10:26:20) | ERROR: Stall in Runner thread, restarting!
2024/09/07 (10:26:51) | ERROR: Stall in Runner thread, restarting!

2024/09/07 (10:45:08) | ===> btop++ v.1.3.2
2024/09/07 (10:45:08) | ERROR: Stall in Runner thread, restarting!
2024/09/07 (10:45:42) | ERROR: Stall in Runner thread, restarting!
2024/09/07 (10:46:13) | ERROR: Stall in Runner thread, restarting!
